<?xml version="1.0" encoding="UTF-8"?>
<testng-results ignored="0" total="1" passed="1" failed="0" skipped="0">
  <reporter-output>
  </reporter-output>
  <suite started-at="2019-12-01T22:46:40 IST" name="Default suite" finished-at="2019-12-01T22:46:56 IST" duration-ms="15343">
    <groups>
    </groups>
    <test started-at="2019-12-01T22:46:40 IST" name="Default test" finished-at="2019-12-01T22:46:56 IST" duration-ms="15343">
      <class name="com.testng.test.MercuryTest">
        <test-method is-config="true" signature="setup()[pri:0, instance:com.testng.test.MercuryTest@3901d134]" started-at="2019-12-01T22:46:40 IST" name="setup" finished-at="2019-12-01T22:46:52 IST" duration-ms="11514" status="PASS">
          <reporter-output>
          </reporter-output>
        </test-method> <!-- setup -->
        <test-method signature="MercuryTest()[pri:0, instance:com.testng.test.MercuryTest@3901d134]" started-at="2019-12-01T22:46:52 IST" name="MercuryTest" finished-at="2019-12-01T22:46:54 IST" duration-ms="2187" status="PASS">
          <reporter-output>
          </reporter-output>
        </test-method> <!-- MercuryTest -->
        <test-method is-config="true" signature="afterMethod()[pri:0, instance:com.testng.test.MercuryTest@3901d134]" started-at="2019-12-01T22:46:54 IST" name="afterMethod" finished-at="2019-12-01T22:46:56 IST" duration-ms="1567" status="PASS">
          <reporter-output>
          </reporter-output>
        </test-method> <!-- afterMethod -->
      </class> <!-- com.testng.test.MercuryTest -->
    </test> <!-- Default test -->
  </suite> <!-- Default suite -->
</testng-results>
