<?xml version="1.0" encoding="UTF-8"?>
<!-- Generated by org.testng.reporters.JUnitXMLReporter -->
<testsuite ignored="0" hostname="DESKTOP-BNOF1VU" failures="0" tests="3" name="Default test" time="0.116" errors="0" timestamp="2019-12-01T22:09:08 IST">
  <testcase classname="com.testng.test.NewTest" name="test" time="0.012"/>
  <testcase classname="com.testng.test.NewTest" name="test2" time="0.004"/>
  <testcase classname="com.testng.test.NewTest" name="test3" time="0.003"/>
</testsuite> <!-- Default test -->
