<?xml version="1.0" encoding="UTF-8"?>
<testng-results ignored="0" total="1" passed="1" failed="0" skipped="0">
  <reporter-output>
  </reporter-output>
  <suite started-at="2019-12-08T00:48:23 IST" name="banking suit" finished-at="2019-12-08T00:48:38 IST" duration-ms="14918">
    <groups>
    </groups>
    <test started-at="2019-12-08T00:48:23 IST" name="banking test suit" finished-at="2019-12-08T00:48:38 IST" duration-ms="14918">
      <class name="com.banking.testCases.Login_TC_001">
        <test-method is-config="true" signature="setup(java.lang.String)[pri:0, instance:com.banking.testCases.Login_TC_001@33afa13b]" started-at="2019-12-08T00:48:24 IST" name="setup" finished-at="2019-12-08T00:48:31 IST" duration-ms="7103" status="PASS">
          <params>
            <param index="0">
              <value>
                <![CDATA[chrome]]>
              </value>
            </param>
          </params>
          <reporter-output>
          </reporter-output>
        </test-method> <!-- setup -->
        <test-method signature="LoginTest()[pri:0, instance:com.banking.testCases.Login_TC_001@33afa13b]" started-at="2019-12-08T00:48:31 IST" name="LoginTest" finished-at="2019-12-08T00:48:37 IST" duration-ms="6546" status="PASS">
          <reporter-output>
          </reporter-output>
        </test-method> <!-- LoginTest -->
        <test-method is-config="true" signature="tearDown()[pri:0, instance:com.banking.testCases.Login_TC_001@33afa13b]" started-at="2019-12-08T00:48:37 IST" name="tearDown" finished-at="2019-12-08T00:48:38 IST" duration-ms="792" status="PASS">
          <reporter-output>
          </reporter-output>
        </test-method> <!-- tearDown -->
      </class> <!-- com.banking.testCases.Login_TC_001 -->
    </test> <!-- banking test suit -->
  </suite> <!-- banking suit -->
</testng-results>
