<?xml version="1.0" encoding="UTF-8"?>
<!-- Generated by org.testng.reporters.JUnitXMLReporter -->
<testsuite ignored="0" hostname="DESKTOP-BNOF1VU" failures="0" tests="3" name="Default test" time="30.948" errors="0" timestamp="2019-11-30T22:24:09 IST">
  <testcase classname="com.selenium.testng.TestngBasic" name="firsttest" time="10.788"/>
  <testcase classname="com.selenium.testng.TestngBasic2" name="firsttest2" time="8.76"/>
  <testcase classname="com.selenium.testng.TestngBasic3" name="firsttest3" time="11.321"/>
</testsuite> <!-- Default test -->
