<?xml version="1.0" encoding="UTF-8"?>
<!-- Generated by org.testng.reporters.JUnitXMLReporter -->
<testsuite ignored="0" hostname="DESKTOP-BNOF1VU" failures="0" tests="3" name="Default test" time="27.561" errors="0" timestamp="2019-12-01T02:29:34 IST">
  <testcase classname="com.selenium.testng.TestngBasic" name="firsttest" time="10.483"/>
  <testcase classname="com.selenium.testng.TestngBasic2" name="firsttest2" time="8.559"/>
  <testcase classname="com.selenium.testng.TestngBasic3" name="firsttest3" time="8.426"/>
</testsuite> <!-- Default test -->
