<?xml version="1.0" encoding="UTF-8"?>
<!-- Generated by org.testng.reporters.JUnitXMLReporter -->
<testsuite ignored="0" hostname="HP" failures="0" tests="15" name="testing mavern suit" time="6.727" errors="0" timestamp="2022-10-04T22:40:22 IST">
  <testcase classname="com.selenium.testng.TestngBasic" name="firsttest" time="2.836"/>
  <testcase classname="com.first.project.DemoTest" name="div" time="0.004"/>
  <testcase classname="com.first.project.DemoTest" name="mul" time="0.002"/>
  <testcase classname="com.first.project.DemoTest" name="sub" time="0.004"/>
  <testcase classname="com.first.project.DemoTest" name="sum" time="0.001"/>
  <testcase classname="com.selenium.testng.TestngBasic2" name="firsttest2" time="1.972"/>
  <testcase classname="com.first.project.DemoTest1" name="div" time="0.002"/>
  <testcase classname="com.first.project.DemoTest1" name="mul" time="0.001"/>
  <testcase classname="com.first.project.DemoTest1" name="sub" time="0.002"/>
  <testcase classname="com.first.project.DemoTest1" name="sum" time="0.001"/>
  <testcase classname="com.selenium.testng.TestngBasic3" name="firsttest3" time="1.825"/>
  <testcase classname="com.first.project.DemoTest2" name="div" time="0.001"/>
  <testcase classname="com.first.project.DemoTest2" name="mul" time="0.0"/>
  <testcase classname="com.first.project.DemoTest2" name="sub" time="0.001"/>
  <testcase classname="com.first.project.DemoTest2" name="sum" time="0.002"/>
</testsuite> <!-- testing mavern suit -->
