<?xml version="1.0" encoding="UTF-8"?>
<testng-results ignored="0" total="3" passed="3" failed="0" skipped="0">
  <reporter-output>
  </reporter-output>
  <suite started-at="2019-11-30T22:23:38 IST" name="Default suite" finished-at="2019-11-30T22:24:09 IST" duration-ms="30948">
    <groups>
    </groups>
    <test started-at="2019-11-30T22:23:38 IST" name="Default test" finished-at="2019-11-30T22:24:09 IST" duration-ms="30948">
      <class name="com.selenium.testng.TestngBasic">
        <test-method signature="firsttest()[pri:0, instance:com.selenium.testng.TestngBasic@23f7d05d]" started-at="2019-11-30T22:23:38 IST" name="firsttest" finished-at="2019-11-30T22:23:49 IST" duration-ms="10788" status="PASS">
          <reporter-output>
          </reporter-output>
        </test-method> <!-- firsttest -->
      </class> <!-- com.selenium.testng.TestngBasic -->
      <class name="com.selenium.testng.TestngBasic2">
        <test-method signature="firsttest2()[pri:0, instance:com.selenium.testng.TestngBasic2@1e730495]" started-at="2019-11-30T22:23:49 IST" name="firsttest2" finished-at="2019-11-30T22:23:58 IST" duration-ms="8760" status="PASS">
          <reporter-output>
          </reporter-output>
        </test-method> <!-- firsttest2 -->
      </class> <!-- com.selenium.testng.TestngBasic2 -->
      <class name="com.selenium.testng.TestngBasic3">
        <test-method signature="firsttest3()[pri:0, instance:com.selenium.testng.TestngBasic3@7d3a22a9]" started-at="2019-11-30T22:23:58 IST" name="firsttest3" finished-at="2019-11-30T22:24:09 IST" duration-ms="11321" status="PASS">
          <reporter-output>
          </reporter-output>
        </test-method> <!-- firsttest3 -->
      </class> <!-- com.selenium.testng.TestngBasic3 -->
    </test> <!-- Default test -->
  </suite> <!-- Default suite -->
</testng-results>
